<?xml version="1.0" encoding="UTF-8"?>
<!-- Generated by org.testng.reporters.JUnitXMLReporter -->
<testsuite ignored="0" hostname="DESKTOP-I0292P0" failures="1" tests="5" name="Data-Driven Login" time="160.202" errors="0" timestamp="2025-10-29T13:13:18 AKDT">
  <testcase classname="com.itg.frontgate.tests.LoginDataDrivenTest" name="loginCases" time="30.304"/>
  <testcase classname="com.itg.frontgate.tests.LoginDataDrivenTest" name="loginCases" time="32.338">
    <failure type="java.lang.AssertionError" message="Unexpected error message: Error: Please Enter Email Address.">
      <![CDATA[java.lang.AssertionError: Unexpected error message: Error: Please Enter Email Address.
at com.itg.frontgate.tests.LoginDataDrivenTest.loginCases(LoginDataDrivenTest.java:70)
at java.base/java.util.ArrayList.forEach(ArrayList.java:1596)
... Removed 26 stack frames]]>
    </failure>
  </testcase> <!-- loginCases -->
  <testcase classname="com.itg.frontgate.tests.LoginDataDrivenTest" name="loginCases" time="62.128"/>
  <testcase classname="com.itg.frontgate.tests.LoginDataDrivenTest" name="loginCases" time="29.169"/>
  <testcase classname="com.itg.frontgate.tests.LoginDataDrivenTest" name="loginCases" time="0.048">
    <skipped/>
  </testcase> <!-- loginCases -->
</testsuite> <!-- Data-Driven Login -->
