<?xml version="1.0" encoding="UTF-8"?>
<!-- Generated by org.testng.reporters.JUnitXMLReporter -->
<testsuite ignored="0" hostname="DESKTOP-I0292P0" failures="1" tests="3" name="Data-Driven Login" time="148.586" errors="0" timestamp="2025-10-29T11:21:23 AKDT">
  <testcase classname="com.itg.frontgate.tests.LoginDataDrivenTest" name="loginCases" time="35.038"/>
  <testcase classname="com.itg.frontgate.tests.LoginDataDrivenTest" name="loginCases" time="43.657"/>
  <testcase classname="com.itg.frontgate.tests.LoginDataDrivenTest" name="loginCases" time="65.512">
    <failure type="java.lang.AssertionError" message="No feedback shown for ahmadj7hanani0@gmail.com">
      <![CDATA[java.lang.AssertionError: No feedback shown for ahmadj7hanani0@gmail.com
at com.itg.frontgate.tests.LoginDataDrivenTest.loginCases(LoginDataDrivenTest.java:40)
at java.base/java.util.ArrayList.forEach(ArrayList.java:1596)
... Removed 26 stack frames]]>
    </failure>
  </testcase> <!-- loginCases -->
</testsuite> <!-- Data-Driven Login -->
