<?xml version="1.0" encoding="UTF-8"?>
<!-- Generated by org.testng.reporters.JUnitXMLReporter -->
<testsuite ignored="4" hostname="DESKTOP-I0292P0" failures="1" tests="8" name="Login and Add to Cart Test" time="39.479" errors="0" timestamp="2025-11-05T11:27:29 AKST">
  <testcase classname="com.itg.frontgate.tests.AddToCartTest" name="addProductsToCart" time="34.174"/>
  <testcase classname="com.itg.frontgate.tests.AddToCartTest" name="addProductsToCart" time="0.113">
    <skipped/>
  </testcase> <!-- addProductsToCart -->
  <testcase classname="com.itg.frontgate.tests.AddToCartTest" name="addProductsToCart" time="0.099">
    <skipped/>
  </testcase> <!-- addProductsToCart -->
  <testcase classname="com.itg.frontgate.tests.LoginDataDrivenTest" name="loginCases" time="0.087">
    <skipped/>
  </testcase> <!-- loginCases -->
  <testcase classname="com.itg.frontgate.tests.LoginDataDrivenTest" name="loginCases" time="0.104">
    <skipped/>
  </testcase> <!-- loginCases -->
  <testcase classname="com.itg.frontgate.tests.LoginDataDrivenTest" name="loginCases" time="0.112">
    <skipped/>
  </testcase> <!-- loginCases -->
  <testcase classname="com.itg.frontgate.tests.LoginDataDrivenTest" name="loginCases" time="0.089">
    <skipped/>
  </testcase> <!-- loginCases -->
  <testcase classname="com.itg.frontgate.tests.LoginDataDrivenTest" name="loginCases" time="2.542">
    <failure type="java.lang.RuntimeException" message="Unexpected error during test execution.">
      <![CDATA[java.lang.RuntimeException: Unexpected error during test execution.
at com.itg.frontgate.tests.LoginDataDrivenTest.loginCases(LoginDataDrivenTest.java:116)
at java.base/java.util.ArrayList.forEach(ArrayList.java:1596)
Caused by: java.lang.ClassCastException: class com.itg.frontgate.pages.LoginPage cannot be cast to class org.openqa.selenium.WebDriver (com.itg.frontgate.pages.LoginPage and org.openqa.selenium.WebDriver are in unnamed module of loader 'app')
at com.itg.frontgate.pages.LoginPage.<init>(LoginPage.java:14)
at com.itg.frontgate.tests.LoginDataDrivenTest.loginCases(LoginDataDrivenTest.java:54)
... 26 more
... Removed 25 stack frames]]>
    </failure>
  </testcase> <!-- loginCases -->
  <testcase classname="com.itg.frontgate.base.BaseTest" name="@AfterTest tearDown" time="0.0">
    <ignored/>
  </testcase> <!-- @AfterTest tearDown -->
  <testcase classname="com.itg.frontgate.base.BaseTest" name="@BeforeSuite beforeSuite" time="0.0">
    <ignored/>
  </testcase> <!-- @BeforeSuite beforeSuite -->
  <testcase classname="com.itg.frontgate.base.BaseTest" name="@BeforeTest setUp" time="0.0">
    <ignored/>
  </testcase> <!-- @BeforeTest setUp -->
  <testcase classname="com.itg.frontgate.base.BaseTest" name="@AfterSuite afterSuite" time="0.0">
    <ignored/>
  </testcase> <!-- @AfterSuite afterSuite -->
</testsuite> <!-- Login and Add to Cart Test -->
