<?xml version="1.0" encoding="UTF-8"?>
<testng-results ignored="0" total="5" passed="3" failed="1" skipped="1">
  <reporter-output>
  </reporter-output>
  <suite started-at="2025-10-29T13:10:38 AKDT" name="Frontgate Selenium Suite" finished-at="2025-10-29T13:13:18 AKDT" duration-ms="160202">
    <groups>
    </groups>
    <test started-at="2025-10-29T13:10:38 AKDT" name="Data-Driven Login" finished-at="2025-10-29T13:13:18 AKDT" duration-ms="160202">
      <class name="com.itg.frontgate.tests.LoginDataDrivenTest">
        <test-method is-config="true" signature="setUpClass()[pri:0, instance:com.itg.frontgate.tests.LoginDataDrivenTest@15de0b3c]" started-at="2025-10-29T13:10:38 AKDT" name="setUpClass" finished-at="2025-10-29T13:10:39 AKDT" duration-ms="599" status="PASS">
          <reporter-output>
          </reporter-output>
        </test-method> <!-- setUpClass -->
        <test-method is-config="true" signature="setUpMethod()[pri:0, instance:com.itg.frontgate.tests.LoginDataDrivenTest@15de0b3c]" started-at="2025-10-29T13:10:39 AKDT" name="setUpMethod" finished-at="2025-10-29T13:10:40 AKDT" duration-ms="964" status="PASS">
          <reporter-output>
          </reporter-output>
        </test-method> <!-- setUpMethod -->
        <test-method signature="loginCases(java.lang.String,java.lang.String,java.lang.String,int)[pri:0, instance:com.itg.frontgate.tests.LoginDataDrivenTest@15de0b3c]" started-at="2025-10-29T13:10:40 AKDT" name="loginCases" data-provider="loginData" finished-at="2025-10-29T13:11:11 AKDT" duration-ms="30304" status="PASS">
          <params>
            <param index="0">
              <value>
                <![CDATA[ahmadj7hanani0@gmail]]>
              </value>
            </param>
            <param index="1">
              <value>
                <![CDATA[0569630981Aa$]]>
              </value>
            </param>
            <param index="2">
              <value>
                <![CDATA[x]]>
              </value>
            </param>
            <param index="3">
              <value>
                <![CDATA[1]]>
              </value>
            </param>
          </params>
          <reporter-output>
          </reporter-output>
        </test-method> <!-- loginCases -->
        <test-method is-config="true" signature="tearDownMethod()[pri:0, instance:com.itg.frontgate.tests.LoginDataDrivenTest@15de0b3c]" started-at="2025-10-29T13:11:11 AKDT" name="tearDownMethod" finished-at="2025-10-29T13:11:11 AKDT" duration-ms="311" status="PASS">
          <reporter-output>
          </reporter-output>
        </test-method> <!-- tearDownMethod -->
        <test-method is-config="true" signature="setUpMethod()[pri:0, instance:com.itg.frontgate.tests.LoginDataDrivenTest@15de0b3c]" started-at="2025-10-29T13:11:11 AKDT" name="setUpMethod" finished-at="2025-10-29T13:11:12 AKDT" duration-ms="669" status="PASS">
          <reporter-output>
          </reporter-output>
        </test-method> <!-- setUpMethod -->
        <test-method signature="loginCases(java.lang.String,java.lang.String,java.lang.String,int)[pri:0, instance:com.itg.frontgate.tests.LoginDataDrivenTest@15de0b3c]" started-at="2025-10-29T13:11:12 AKDT" name="loginCases" data-provider="loginData" finished-at="2025-10-29T13:11:44 AKDT" duration-ms="32338" status="FAIL">
          <params>
            <param index="0">
              <value>
                <![CDATA[]]>
              </value>
            </param>
            <param index="1">
              <value>
                <![CDATA[0569630981Aa$]]>
              </value>
            </param>
            <param index="2">
              <value>
                <![CDATA[x]]>
              </value>
            </param>
            <param index="3">
              <value>
                <![CDATA[2]]>
              </value>
            </param>
          </params>
          <exception class="java.lang.AssertionError">
            <message>
              <![CDATA[Unexpected error message: Error: Please Enter Email Address.]]>
            </message>
            <full-stacktrace>
              <![CDATA[java.lang.AssertionError: Unexpected error message: Error: Please Enter Email Address.
at org.testng.Assert.fail(Assert.java:111)
at com.itg.frontgate.tests.LoginDataDrivenTest.loginCases(LoginDataDrivenTest.java:70)
at java.base/jdk.internal.reflect.DirectMethodHandleAccessor.invoke(DirectMethodHandleAccessor.java:103)
at java.base/java.lang.reflect.Method.invoke(Method.java:580)
at org.testng.internal.invokers.MethodInvocationHelper.invokeMethod(MethodInvocationHelper.java:141)
at org.testng.internal.invokers.TestInvoker.invokeMethod(TestInvoker.java:686)
at org.testng.internal.invokers.TestInvoker.invokeTestMethod(TestInvoker.java:230)
at org.testng.internal.invokers.MethodRunner.runInSequence(MethodRunner.java:63)
at org.testng.internal.invokers.TestInvoker$MethodInvocationAgent.invoke(TestInvoker.java:992)
at org.testng.internal.invokers.TestInvoker.invokeTestMethods(TestInvoker.java:203)
at org.testng.internal.invokers.TestMethodWorker.invokeTestMethods(TestMethodWorker.java:154)
at org.testng.internal.invokers.TestMethodWorker.run(TestMethodWorker.java:134)
at java.base/java.util.ArrayList.forEach(ArrayList.java:1596)
at org.testng.TestRunner.privateRun(TestRunner.java:739)
at org.testng.TestRunner.run(TestRunner.java:614)
at org.testng.SuiteRunner.runTest(SuiteRunner.java:421)
at org.testng.SuiteRunner.runSequentially(SuiteRunner.java:413)
at org.testng.SuiteRunner.privateRun(SuiteRunner.java:373)
at org.testng.SuiteRunner.run(SuiteRunner.java:312)
at org.testng.SuiteRunnerWorker.runSuite(SuiteRunnerWorker.java:52)
at org.testng.SuiteRunnerWorker.run(SuiteRunnerWorker.java:95)
at org.testng.TestNG.runSuitesSequentially(TestNG.java:1274)
at org.testng.TestNG.runSuitesLocally(TestNG.java:1208)
at org.testng.TestNG.runSuites(TestNG.java:1112)
at org.testng.TestNG.run(TestNG.java:1079)
at org.testng.remote.AbstractRemoteTestNG.run(AbstractRemoteTestNG.java:115)
at org.testng.remote.RemoteTestNG.initAndRun(RemoteTestNG.java:293)
at org.testng.remote.RemoteTestNG.main(RemoteTestNG.java:91)
]]>
            </full-stacktrace>
          </exception> <!-- java.lang.AssertionError -->
          <reporter-output>
          </reporter-output>
        </test-method> <!-- loginCases -->
        <test-method is-config="true" signature="tearDownMethod()[pri:0, instance:com.itg.frontgate.tests.LoginDataDrivenTest@15de0b3c]" started-at="2025-10-29T13:11:44 AKDT" name="tearDownMethod" finished-at="2025-10-29T13:11:44 AKDT" duration-ms="211" status="PASS">
          <reporter-output>
          </reporter-output>
        </test-method> <!-- tearDownMethod -->
        <test-method is-config="true" signature="setUpMethod()[pri:0, instance:com.itg.frontgate.tests.LoginDataDrivenTest@15de0b3c]" started-at="2025-10-29T13:11:44 AKDT" name="setUpMethod" finished-at="2025-10-29T13:11:45 AKDT" duration-ms="635" status="PASS">
          <reporter-output>
          </reporter-output>
        </test-method> <!-- setUpMethod -->
        <test-method signature="loginCases(java.lang.String,java.lang.String,java.lang.String,int)[pri:0, instance:com.itg.frontgate.tests.LoginDataDrivenTest@15de0b3c]" started-at="2025-10-29T13:11:45 AKDT" name="loginCases" data-provider="loginData" finished-at="2025-10-29T13:12:47 AKDT" duration-ms="62128" status="PASS">
          <params>
            <param index="0">
              <value>
                <![CDATA[ahmad@@gmail]]>
              </value>
            </param>
            <param index="1">
              <value>
                <![CDATA[0569630981Aa$]]>
              </value>
            </param>
            <param index="2">
              <value>
                <![CDATA[x]]>
              </value>
            </param>
            <param index="3">
              <value>
                <![CDATA[3]]>
              </value>
            </param>
          </params>
          <reporter-output>
          </reporter-output>
        </test-method> <!-- loginCases -->
        <test-method is-config="true" signature="tearDownMethod()[pri:0, instance:com.itg.frontgate.tests.LoginDataDrivenTest@15de0b3c]" started-at="2025-10-29T13:12:47 AKDT" name="tearDownMethod" finished-at="2025-10-29T13:12:47 AKDT" duration-ms="210" status="PASS">
          <reporter-output>
          </reporter-output>
        </test-method> <!-- tearDownMethod -->
        <test-method is-config="true" signature="setUpMethod()[pri:0, instance:com.itg.frontgate.tests.LoginDataDrivenTest@15de0b3c]" started-at="2025-10-29T13:12:47 AKDT" name="setUpMethod" finished-at="2025-10-29T13:12:48 AKDT" duration-ms="657" status="PASS">
          <reporter-output>
          </reporter-output>
        </test-method> <!-- setUpMethod -->
        <test-method signature="loginCases(java.lang.String,java.lang.String,java.lang.String,int)[pri:0, instance:com.itg.frontgate.tests.LoginDataDrivenTest@15de0b3c]" started-at="2025-10-29T13:12:48 AKDT" name="loginCases" data-provider="loginData" finished-at="2025-10-29T13:13:17 AKDT" duration-ms="29169" status="PASS">
          <params>
            <param index="0">
              <value>
                <![CDATA[ahmad@@gmail]]>
              </value>
            </param>
            <param index="1">
              <value>
                <![CDATA[]]>
              </value>
            </param>
            <param index="2">
              <value>
                <![CDATA[x]]>
              </value>
            </param>
            <param index="3">
              <value>
                <![CDATA[4]]>
              </value>
            </param>
          </params>
          <reporter-output>
          </reporter-output>
        </test-method> <!-- loginCases -->
        <test-method is-config="true" signature="tearDownMethod()[pri:0, instance:com.itg.frontgate.tests.LoginDataDrivenTest@15de0b3c]" started-at="2025-10-29T13:13:17 AKDT" name="tearDownMethod" finished-at="2025-10-29T13:13:17 AKDT" duration-ms="240" status="PASS">
          <reporter-output>
          </reporter-output>
        </test-method> <!-- tearDownMethod -->
        <test-method is-config="true" signature="setUpMethod()[pri:0, instance:com.itg.frontgate.tests.LoginDataDrivenTest@15de0b3c]" started-at="2025-10-29T13:13:17 AKDT" name="setUpMethod" finished-at="2025-10-29T13:13:18 AKDT" duration-ms="627" status="PASS">
          <reporter-output>
          </reporter-output>
        </test-method> <!-- setUpMethod -->
        <test-method signature="loginCases(java.lang.String,java.lang.String,java.lang.String,int)[pri:0, instance:com.itg.frontgate.tests.LoginDataDrivenTest@15de0b3c]" started-at="2025-10-29T13:13:18 AKDT" name="loginCases" data-provider="loginData" finished-at="2025-10-29T13:13:18 AKDT" duration-ms="48" status="SKIP">
          <params>
            <param index="0">
              <value>
                <![CDATA[ahmadj7hanani0@gmail]]>
              </value>
            </param>
            <param index="1">
              <value>
                <![CDATA[WrongPass$123]]>
              </value>
            </param>
            <param index="2">
              <value>
                <![CDATA[]]>
              </value>
            </param>
            <param index="3">
              <value>
                <![CDATA[5]]>
              </value>
            </param>
          </params>
          <exception class="org.testng.SkipException">
            <message>
              <![CDATA[RunFlag empty]]>
            </message>
            <full-stacktrace>
              <![CDATA[org.testng.SkipException: RunFlag empty
at com.itg.frontgate.tests.LoginDataDrivenTest.loginCases(LoginDataDrivenTest.java:38)
at java.base/jdk.internal.reflect.DirectMethodHandleAccessor.invoke(DirectMethodHandleAccessor.java:103)
at java.base/java.lang.reflect.Method.invoke(Method.java:580)
at org.testng.internal.invokers.MethodInvocationHelper.invokeMethod(MethodInvocationHelper.java:141)
at org.testng.internal.invokers.TestInvoker.invokeMethod(TestInvoker.java:686)
at org.testng.internal.invokers.TestInvoker.invokeTestMethod(TestInvoker.java:230)
at org.testng.internal.invokers.MethodRunner.runInSequence(MethodRunner.java:63)
at org.testng.internal.invokers.TestInvoker$MethodInvocationAgent.invoke(TestInvoker.java:992)
at org.testng.internal.invokers.TestInvoker.invokeTestMethods(TestInvoker.java:203)
at org.testng.internal.invokers.TestMethodWorker.invokeTestMethods(TestMethodWorker.java:154)
at org.testng.internal.invokers.TestMethodWorker.run(TestMethodWorker.java:134)
at java.base/java.util.ArrayList.forEach(ArrayList.java:1596)
at org.testng.TestRunner.privateRun(TestRunner.java:739)
at org.testng.TestRunner.run(TestRunner.java:614)
at org.testng.SuiteRunner.runTest(SuiteRunner.java:421)
at org.testng.SuiteRunner.runSequentially(SuiteRunner.java:413)
at org.testng.SuiteRunner.privateRun(SuiteRunner.java:373)
at org.testng.SuiteRunner.run(SuiteRunner.java:312)
at org.testng.SuiteRunnerWorker.runSuite(SuiteRunnerWorker.java:52)
at org.testng.SuiteRunnerWorker.run(SuiteRunnerWorker.java:95)
at org.testng.TestNG.runSuitesSequentially(TestNG.java:1274)
at org.testng.TestNG.runSuitesLocally(TestNG.java:1208)
at org.testng.TestNG.runSuites(TestNG.java:1112)
at org.testng.TestNG.run(TestNG.java:1079)
at org.testng.remote.AbstractRemoteTestNG.run(AbstractRemoteTestNG.java:115)
at org.testng.remote.RemoteTestNG.initAndRun(RemoteTestNG.java:293)
at org.testng.remote.RemoteTestNG.main(RemoteTestNG.java:91)
]]>
            </full-stacktrace>
          </exception> <!-- org.testng.SkipException -->
          <reporter-output>
          </reporter-output>
        </test-method> <!-- loginCases -->
        <test-method is-config="true" signature="tearDownMethod()[pri:0, instance:com.itg.frontgate.tests.LoginDataDrivenTest@15de0b3c]" started-at="2025-10-29T13:13:18 AKDT" name="tearDownMethod" finished-at="2025-10-29T13:13:18 AKDT" duration-ms="164" status="PASS">
          <reporter-output>
          </reporter-output>
        </test-method> <!-- tearDownMethod -->
        <test-method is-config="true" signature="tearDownClass()[pri:0, instance:com.itg.frontgate.tests.LoginDataDrivenTest@15de0b3c]" started-at="2025-10-29T13:13:18 AKDT" name="tearDownClass" finished-at="2025-10-29T13:13:18 AKDT" duration-ms="241" status="PASS">
          <reporter-output>
          </reporter-output>
        </test-method> <!-- tearDownClass -->
      </class> <!-- com.itg.frontgate.tests.LoginDataDrivenTest -->
    </test> <!-- Data-Driven Login -->
  </suite> <!-- Frontgate Selenium Suite -->
</testng-results>
