<?xml version="1.0" encoding="UTF-8"?>
<testng-results ignored="0" total="3" passed="1" failed="0" skipped="2">
  <reporter-output>
  </reporter-output>
  <suite started-at="2025-11-05T15:28:35 AKST" name="Frontgate Full Scenario Suite" finished-at="2025-11-05T15:30:24 AKST" duration-ms="109310">
    <groups>
    </groups>
    <test started-at="2025-11-05T15:28:35 AKST" name="Full E2E Test" finished-at="2025-11-05T15:30:24 AKST" duration-ms="109310">
      <class name="com.itg.frontgate.tests.AddToCartTest">
        <test-method is-config="true" signature="beforeSuite()[pri:0, instance:com.itg.frontgate.tests.AddToCartTest@682b2fa]" started-at="2025-11-05T15:28:35 AKST" name="beforeSuite" finished-at="2025-11-05T15:28:35 AKST" duration-ms="191" status="PASS">
          <reporter-output>
          </reporter-output>
        </test-method> <!-- beforeSuite -->
        <test-method is-config="true" signature="setUp()[pri:0, instance:com.itg.frontgate.tests.AddToCartTest@682b2fa]" started-at="2025-11-05T15:28:35 AKST" name="setUp" finished-at="2025-11-05T15:28:36 AKST" duration-ms="1375" status="PASS">
          <reporter-output>
          </reporter-output>
        </test-method> <!-- setUp -->
        <test-method signature="endToEndProductCheckout(java.lang.String,int,java.lang.String,java.lang.String,java.lang.String,int)[pri:0, instance:com.itg.frontgate.tests.AddToCartTest@682b2fa]" started-at="2025-11-05T15:28:37 AKST" name="endToEndProductCheckout" data-provider="productsData" finished-at="2025-11-05T15:30:24 AKST" duration-ms="107071" status="PASS">
          <params>
            <param index="0">
              <value>
                <![CDATA[Frontgate Resort Collection™ Bath Towels]]>
              </value>
            </param>
            <param index="1">
              <value>
                <![CDATA[1]]>
              </value>
            </param>
            <param index="2">
              <value>
                <![CDATA[Bath Towel]]>
              </value>
            </param>
            <param index="3">
              <value>
                <![CDATA[Chiffon]]>
              </value>
            </param>
            <param index="4">
              <value>
                <![CDATA[x]]>
              </value>
            </param>
            <param index="5">
              <value>
                <![CDATA[1]]>
              </value>
            </param>
          </params>
          <reporter-output>
          </reporter-output>
        </test-method> <!-- endToEndProductCheckout -->
        <test-method signature="endToEndProductCheckout(java.lang.String,int,java.lang.String,java.lang.String,java.lang.String,int)[pri:0, instance:com.itg.frontgate.tests.AddToCartTest@682b2fa]" started-at="2025-11-05T15:30:24 AKST" name="endToEndProductCheckout" data-provider="productsData" finished-at="2025-11-05T15:30:24 AKST" duration-ms="2" status="SKIP">
          <params>
            <param index="0">
              <value>
                <![CDATA[Bath Mat]]>
              </value>
            </param>
            <param index="1">
              <value>
                <![CDATA[1]]>
              </value>
            </param>
            <param index="2">
              <value>
                <![CDATA[—]]>
              </value>
            </param>
            <param index="3">
              <value>
                <![CDATA[—]]>
              </value>
            </param>
            <param index="4">
              <value>
                <![CDATA[]]>
              </value>
            </param>
            <param index="5">
              <value>
                <![CDATA[2]]>
              </value>
            </param>
          </params>
          <exception class="org.testng.SkipException">
            <message>
              <![CDATA[RunFlag for product is empty, skipping row 2]]>
            </message>
            <full-stacktrace>
              <![CDATA[org.testng.SkipException: RunFlag for product is empty, skipping row 2
at com.itg.frontgate.tests.AddToCartTest.endToEndProductCheckout(AddToCartTest.java:42)
at java.base/jdk.internal.reflect.DirectMethodHandleAccessor.invoke(DirectMethodHandleAccessor.java:103)
at java.base/java.lang.reflect.Method.invoke(Method.java:580)
at org.testng.internal.invokers.MethodInvocationHelper.invokeMethod(MethodInvocationHelper.java:141)
at org.testng.internal.invokers.TestInvoker.invokeMethod(TestInvoker.java:686)
at org.testng.internal.invokers.TestInvoker.invokeTestMethod(TestInvoker.java:230)
at org.testng.internal.invokers.MethodRunner.runInSequence(MethodRunner.java:63)
at org.testng.internal.invokers.TestInvoker$MethodInvocationAgent.invoke(TestInvoker.java:992)
at org.testng.internal.invokers.TestInvoker.invokeTestMethods(TestInvoker.java:203)
at org.testng.internal.invokers.TestMethodWorker.invokeTestMethods(TestMethodWorker.java:154)
at org.testng.internal.invokers.TestMethodWorker.run(TestMethodWorker.java:134)
at java.base/java.util.ArrayList.forEach(ArrayList.java:1596)
at org.testng.TestRunner.privateRun(TestRunner.java:739)
at org.testng.TestRunner.run(TestRunner.java:614)
at org.testng.SuiteRunner.runTest(SuiteRunner.java:421)
at org.testng.SuiteRunner.runSequentially(SuiteRunner.java:413)
at org.testng.SuiteRunner.privateRun(SuiteRunner.java:373)
at org.testng.SuiteRunner.run(SuiteRunner.java:312)
at org.testng.SuiteRunnerWorker.runSuite(SuiteRunnerWorker.java:52)
at org.testng.SuiteRunnerWorker.run(SuiteRunnerWorker.java:95)
at org.testng.TestNG.runSuitesSequentially(TestNG.java:1274)
at org.testng.TestNG.runSuitesLocally(TestNG.java:1208)
at org.testng.TestNG.runSuites(TestNG.java:1112)
at org.testng.TestNG.run(TestNG.java:1079)
at org.testng.remote.AbstractRemoteTestNG.run(AbstractRemoteTestNG.java:115)
at org.testng.remote.RemoteTestNG.initAndRun(RemoteTestNG.java:293)
at org.testng.remote.RemoteTestNG.main(RemoteTestNG.java:91)
]]>
            </full-stacktrace>
          </exception> <!-- org.testng.SkipException -->
          <reporter-output>
          </reporter-output>
        </test-method> <!-- endToEndProductCheckout -->
        <test-method signature="endToEndProductCheckout(java.lang.String,int,java.lang.String,java.lang.String,java.lang.String,int)[pri:0, instance:com.itg.frontgate.tests.AddToCartTest@682b2fa]" started-at="2025-11-05T15:30:24 AKST" name="endToEndProductCheckout" data-provider="productsData" finished-at="2025-11-05T15:30:24 AKST" duration-ms="2" status="SKIP">
          <params>
            <param index="0">
              <value>
                <![CDATA[Resort Bath Sheet]]>
              </value>
            </param>
            <param index="1">
              <value>
                <![CDATA[1]]>
              </value>
            </param>
            <param index="2">
              <value>
                <![CDATA[Bath Sheet]]>
              </value>
            </param>
            <param index="3">
              <value>
                <![CDATA[White]]>
              </value>
            </param>
            <param index="4">
              <value>
                <![CDATA[]]>
              </value>
            </param>
            <param index="5">
              <value>
                <![CDATA[3]]>
              </value>
            </param>
          </params>
          <exception class="org.testng.SkipException">
            <message>
              <![CDATA[RunFlag for product is empty, skipping row 3]]>
            </message>
            <full-stacktrace>
              <![CDATA[org.testng.SkipException: RunFlag for product is empty, skipping row 3
at com.itg.frontgate.tests.AddToCartTest.endToEndProductCheckout(AddToCartTest.java:42)
at java.base/jdk.internal.reflect.DirectMethodHandleAccessor.invoke(DirectMethodHandleAccessor.java:103)
at java.base/java.lang.reflect.Method.invoke(Method.java:580)
at org.testng.internal.invokers.MethodInvocationHelper.invokeMethod(MethodInvocationHelper.java:141)
at org.testng.internal.invokers.TestInvoker.invokeMethod(TestInvoker.java:686)
at org.testng.internal.invokers.TestInvoker.invokeTestMethod(TestInvoker.java:230)
at org.testng.internal.invokers.MethodRunner.runInSequence(MethodRunner.java:63)
at org.testng.internal.invokers.TestInvoker$MethodInvocationAgent.invoke(TestInvoker.java:992)
at org.testng.internal.invokers.TestInvoker.invokeTestMethods(TestInvoker.java:203)
at org.testng.internal.invokers.TestMethodWorker.invokeTestMethods(TestMethodWorker.java:154)
at org.testng.internal.invokers.TestMethodWorker.run(TestMethodWorker.java:134)
at java.base/java.util.ArrayList.forEach(ArrayList.java:1596)
at org.testng.TestRunner.privateRun(TestRunner.java:739)
at org.testng.TestRunner.run(TestRunner.java:614)
at org.testng.SuiteRunner.runTest(SuiteRunner.java:421)
at org.testng.SuiteRunner.runSequentially(SuiteRunner.java:413)
at org.testng.SuiteRunner.privateRun(SuiteRunner.java:373)
at org.testng.SuiteRunner.run(SuiteRunner.java:312)
at org.testng.SuiteRunnerWorker.runSuite(SuiteRunnerWorker.java:52)
at org.testng.SuiteRunnerWorker.run(SuiteRunnerWorker.java:95)
at org.testng.TestNG.runSuitesSequentially(TestNG.java:1274)
at org.testng.TestNG.runSuitesLocally(TestNG.java:1208)
at org.testng.TestNG.runSuites(TestNG.java:1112)
at org.testng.TestNG.run(TestNG.java:1079)
at org.testng.remote.AbstractRemoteTestNG.run(AbstractRemoteTestNG.java:115)
at org.testng.remote.RemoteTestNG.initAndRun(RemoteTestNG.java:293)
at org.testng.remote.RemoteTestNG.main(RemoteTestNG.java:91)
]]>
            </full-stacktrace>
          </exception> <!-- org.testng.SkipException -->
          <reporter-output>
          </reporter-output>
        </test-method> <!-- endToEndProductCheckout -->
        <test-method is-config="true" signature="tearDown()[pri:0, instance:com.itg.frontgate.tests.AddToCartTest@682b2fa]" started-at="2025-11-05T15:30:24 AKST" name="tearDown" finished-at="2025-11-05T15:30:24 AKST" duration-ms="331" status="PASS">
          <reporter-output>
          </reporter-output>
        </test-method> <!-- tearDown -->
        <test-method is-config="true" signature="afterSuite()[pri:0, instance:com.itg.frontgate.tests.AddToCartTest@682b2fa]" started-at="2025-11-05T15:30:24 AKST" name="afterSuite" finished-at="2025-11-05T15:30:25 AKST" duration-ms="221" status="PASS">
          <reporter-output>
          </reporter-output>
        </test-method> <!-- afterSuite -->
      </class> <!-- com.itg.frontgate.tests.AddToCartTest -->
    </test> <!-- Full E2E Test -->
  </suite> <!-- Frontgate Full Scenario Suite -->
</testng-results>
