<?xml version="1.0" encoding="UTF-8"?>
<!-- Generated by org.testng.reporters.JUnitReportReporter -->
<testsuite hostname="DESKTOP-I0292P0" failures="0" tests="3" name="com.itg.frontgate.tests.AddToCartTest" time="107.075" errors="0" timestamp="2025-11-05T15:30:25 AKST" skipped="2">
  <testcase classname="com.itg.frontgate.tests.AddToCartTest" name="endToEndProductCheckout" time="0.002">
    <skipped/>
  </testcase> <!-- endToEndProductCheckout -->
  <testcase classname="com.itg.frontgate.tests.AddToCartTest" name="endToEndProductCheckout" time="107.071"/>
  <testcase classname="com.itg.frontgate.tests.AddToCartTest" name="endToEndProductCheckout" time="0.002">
    <skipped/>
  </testcase> <!-- endToEndProductCheckout -->
</testsuite> <!-- com.itg.frontgate.tests.AddToCartTest -->
